<?xml version="1.0" encoding="UTF-8"?>
<testng-results ignored="0" total="3" passed="3" failed="0" skipped="0">
  <reporter-output>
  </reporter-output>
  <suite started-at="2021-10-21T07:22:20 IST" name="Default suite" finished-at="2021-10-21T07:22:49 IST" duration-ms="29143">
    <groups>
    </groups>
    <test started-at="2021-10-21T07:22:20 IST" name="Default test" finished-at="2021-10-21T07:22:49 IST" duration-ms="29143">
      <class name="Test_Runner.User_Login_Test">
        <test-method is-config="true" signature="open()[pri:0, instance:Test_Runner.User_Login_Test@25fb8912]" started-at="2021-10-21T07:22:21 IST" name="open" finished-at="2021-10-21T07:22:27 IST" duration-ms="5551" status="PASS">
          <reporter-output>
          </reporter-output>
        </test-method> <!-- open -->
        <test-method signature="test_cases(java.lang.String,java.lang.String)[pri:0, instance:Test_Runner.User_Login_Test@25fb8912]" started-at="2021-10-21T07:22:27 IST" name="test_cases" data-provider="users_creds" finished-at="2021-10-21T07:22:28 IST" duration-ms="1386" status="PASS">
          <params>
            <param index="0">
              <value>
                <![CDATA[Admin]]>
              </value>
            </param>
            <param index="1">
              <value>
                <![CDATA[usr123]]>
              </value>
            </param>
          </params>
          <reporter-output>
          </reporter-output>
        </test-method> <!-- test_cases -->
        <test-method is-config="true" signature="close_Browser()[pri:0, instance:Test_Runner.User_Login_Test@25fb8912]" started-at="2021-10-21T07:22:28 IST" name="close_Browser" finished-at="2021-10-21T07:22:31 IST" duration-ms="3179" status="PASS">
          <reporter-output>
          </reporter-output>
        </test-method> <!-- close_Browser -->
        <test-method is-config="true" signature="open()[pri:0, instance:Test_Runner.User_Login_Test@25fb8912]" started-at="2021-10-21T07:22:31 IST" name="open" finished-at="2021-10-21T07:22:36 IST" duration-ms="4707" status="PASS">
          <reporter-output>
          </reporter-output>
        </test-method> <!-- open -->
        <test-method signature="test_cases(java.lang.String,java.lang.String)[pri:0, instance:Test_Runner.User_Login_Test@25fb8912]" started-at="2021-10-21T07:22:36 IST" name="test_cases" data-provider="users_creds" finished-at="2021-10-21T07:22:37 IST" duration-ms="1331" status="PASS">
          <params>
            <param index="0">
              <value>
                <![CDATA[User]]>
              </value>
            </param>
            <param index="1">
              <value>
                <![CDATA[Admin123]]>
              </value>
            </param>
          </params>
          <reporter-output>
          </reporter-output>
        </test-method> <!-- test_cases -->
        <test-method is-config="true" signature="close_Browser()[pri:0, instance:Test_Runner.User_Login_Test@25fb8912]" started-at="2021-10-21T07:22:37 IST" name="close_Browser" finished-at="2021-10-21T07:22:40 IST" duration-ms="3112" status="PASS">
          <reporter-output>
          </reporter-output>
        </test-method> <!-- close_Browser -->
        <test-method is-config="true" signature="open()[pri:0, instance:Test_Runner.User_Login_Test@25fb8912]" started-at="2021-10-21T07:22:40 IST" name="open" finished-at="2021-10-21T07:22:45 IST" duration-ms="4688" status="PASS">
          <reporter-output>
          </reporter-output>
        </test-method> <!-- open -->
        <test-method signature="test_cases(java.lang.String,java.lang.String)[pri:0, instance:Test_Runner.User_Login_Test@25fb8912]" started-at="2021-10-21T07:22:45 IST" name="test_cases" data-provider="users_creds" finished-at="2021-10-21T07:22:46 IST" duration-ms="1279" status="PASS">
          <params>
            <param index="0">
              <value>
                <![CDATA[usr]]>
              </value>
            </param>
            <param index="1">
              <value>
                <![CDATA[who123]]>
              </value>
            </param>
          </params>
          <reporter-output>
          </reporter-output>
        </test-method> <!-- test_cases -->
        <test-method is-config="true" signature="close_Browser()[pri:0, instance:Test_Runner.User_Login_Test@25fb8912]" started-at="2021-10-21T07:22:46 IST" name="close_Browser" finished-at="2021-10-21T07:22:49 IST" duration-ms="3125" status="PASS">
          <reporter-output>
          </reporter-output>
        </test-method> <!-- close_Browser -->
      </class> <!-- Test_Runner.User_Login_Test -->
    </test> <!-- Default test -->
  </suite> <!-- Default suite -->
</testng-results>
