<?xml version="1.0" encoding="UTF-8"?>
<!-- Generated by org.testng.reporters.JUnitXMLReporter -->
<testsuite ignored="0" hostname="LAPTOP-OP00BPI3" failures="0" tests="3" name="Default test" time="30.701" errors="0" timestamp="2021-10-20T08:20:39 IST">
  <testcase classname="Test_Runner.User_Login_Test" name="test_cases" time="1.45"/>
  <testcase classname="Test_Runner.User_Login_Test" name="test_cases" time="1.277"/>
  <testcase classname="Test_Runner.User_Login_Test" name="test_cases" time="1.281"/>
</testsuite> <!-- Default test -->
