<?xml version="1.0" encoding="UTF-8"?>
<!-- Generated by org.testng.reporters.JUnitXMLReporter -->
<testsuite ignored="0" hostname="LAPTOP-OP00BPI3" failures="0" tests="3" name="Default test" time="30.419" errors="0" timestamp="2021-10-22T07:55:17 IST">
  <testcase classname="Test_Runner.User_Login_Write_test_Status" name="test_cases" time="2.537"/>
  <testcase classname="Test_Runner.User_Login_Write_test_Status" name="test_cases" time="1.516"/>
  <testcase classname="Test_Runner.User_Login_Write_test_Status" name="test_cases" time="1.475"/>
</testsuite> <!-- Default test -->
